<?xml version="1.0" encoding="UTF-8"?>
<!-- Generated by org.testng.reporters.JUnitReportReporter -->
<testsuite hostname="ThinkpadT430-PC" failures="0" tests="6" name="tests.GiftTest" time="69.493" errors="0" timestamp="21 Sep 2020 23:13:32 GMT" skipped="0">
  <testcase classname="tests.GiftTest" name="cancelEngrave" time="9.670"/>
  <testcase classname="tests.GiftTest" name="saveEngrave" time="9.778"/>
  <testcase classname="tests.GiftTest" name="verifyTitle" time="9.249"/>
  <testcase classname="tests.GiftTest" name="sendGift" time="17.285"/>
  <testcase classname="tests.GiftTest" name="verifyPrice" time="10.654"/>
  <testcase classname="tests.GiftTest" name="buyYourself" time="12.857"/>
</testsuite> <!-- tests.GiftTest -->
